#! /c/Source/iverilog-install/bin/vvp
:ivl_version "12.0 (devel)" "(s20150603-1539-g2693dd32b)";
:ivl_delay_selection "TYPICAL";
:vpi_time_precision + 0;
:vpi_module "C:\iverilog\lib\ivl\system.vpi";
:vpi_module "C:\iverilog\lib\ivl\vhdl_sys.vpi";
:vpi_module "C:\iverilog\lib\ivl\vhdl_textio.vpi";
:vpi_module "C:\iverilog\lib\ivl\v2005_math.vpi";
:vpi_module "C:\iverilog\lib\ivl\va_math.vpi";
S_000001cbae612c40 .scope module, "Controle" "Controle" 2 1;
 .timescale 0 0;
    .port_info 0 /INPUT 3 "Istrc";
    .port_info 1 /OUTPUT 1 "Jump";
    .port_info 2 /OUTPUT 1 "LerMem";
    .port_info 3 /OUTPUT 1 "EscreveMem";
    .port_info 4 /OUTPUT 1 "Branch";
    .port_info 5 /OUTPUT 1 "OpULA";
    .port_info 6 /OUTPUT 1 "MemtoREG";
    .port_info 7 /OUTPUT 1 "Defi";
    .port_info 8 /OUTPUT 1 "ULASrc";
    .port_info 9 /OUTPUT 1 "EscreveReg";
    .port_info 10 /OUTPUT 1 "Encerra";
L_000001cbae6a8d70 .functor BUFZ 1, v000001cbae6a8a60_0, C4<0>, C4<0>, C4<0>;
L_000001cbae6a8de0 .functor BUFZ 1, v000001cbae6a82e0_0, C4<0>, C4<0>, C4<0>;
L_000001cbae6a8e50 .functor BUFZ 1, v000001cbae6446e0_0, C4<0>, C4<0>, C4<0>;
L_000001cbae6a8ec0 .functor BUFZ 1, v000001cbae644500_0, C4<0>, C4<0>, C4<0>;
L_000001cbae6a9290 .functor BUFZ 1, v000001cbae6a7fc0_0, C4<0>, C4<0>, C4<0>;
L_000001cbae6a9300 .functor BUFZ 1, v000001cbae6a89c0_0, C4<0>, C4<0>, C4<0>;
L_000001cbae6a90d0 .functor BUFZ 1, v000001cbae6445a0_0, C4<0>, C4<0>, C4<0>;
L_000001cbae6a8f80 .functor BUFZ 1, v000001cbae6a7ca0_0, C4<0>, C4<0>, C4<0>;
L_000001cbae6a9680 .functor BUFZ 1, v000001cbae644780_0, C4<0>, C4<0>, C4<0>;
L_000001cbae6a9370 .functor BUFZ 1, v000001cbae644640_0, C4<0>, C4<0>, C4<0>;
v000001cbae613340_0 .net "Branch", 0 0, L_000001cbae6a8ec0;  1 drivers
v000001cbae613560_0 .net "Defi", 0 0, L_000001cbae6a90d0;  1 drivers
v000001cbae646f30_0 .net "Encerra", 0 0, L_000001cbae6a9370;  1 drivers
v000001cbae612e90_0 .net "EscreveMem", 0 0, L_000001cbae6a8e50;  1 drivers
v000001cbae612f30_0 .net "EscreveReg", 0 0, L_000001cbae6a9680;  1 drivers
o000001cbae6570c8 .functor BUFZ 3, C4<zzz>; HiZ drive
v000001cbae644140_0 .net "Istrc", 7 5, o000001cbae6570c8;  0 drivers
v000001cbae6441e0_0 .net "Jump", 0 0, L_000001cbae6a8d70;  1 drivers
v000001cbae644280_0 .net "LerMem", 0 0, L_000001cbae6a8de0;  1 drivers
v000001cbae644320_0 .net "MemtoREG", 0 0, L_000001cbae6a9300;  1 drivers
v000001cbae6443c0_0 .net "OpULA", 0 0, L_000001cbae6a9290;  1 drivers
v000001cbae644460_0 .net "ULASrc", 0 0, L_000001cbae6a8f80;  1 drivers
v000001cbae644500_0 .var "branch", 0 0;
v000001cbae6445a0_0 .var "defi", 0 0;
v000001cbae644640_0 .var "encerra", 0 0;
v000001cbae6446e0_0 .var "escreveMem", 0 0;
v000001cbae644780_0 .var "escreveReg", 0 0;
v000001cbae6a8a60_0 .var "jump", 0 0;
v000001cbae6a82e0_0 .var "lerMem", 0 0;
v000001cbae6a89c0_0 .var "memtoREG", 0 0;
v000001cbae6a7fc0_0 .var "opULA", 0 0;
v000001cbae6a7ca0_0 .var "uLASrc", 0 0;
E_000001cbae63e3c0 .event anyedge, v000001cbae644140_0;
    .scope S_000001cbae612c40;
T_0 ;
    %pushi/vec4 0, 0, 1;
    %store/vec4 v000001cbae6a8a60_0, 0, 1;
    %pushi/vec4 0, 0, 1;
    %store/vec4 v000001cbae6a82e0_0, 0, 1;
    %pushi/vec4 0, 0, 1;
    %store/vec4 v000001cbae6446e0_0, 0, 1;
    %pushi/vec4 0, 0, 1;
    %store/vec4 v000001cbae644500_0, 0, 1;
    %pushi/vec4 0, 0, 1;
    %store/vec4 v000001cbae6a7fc0_0, 0, 1;
    %pushi/vec4 0, 0, 1;
    %store/vec4 v000001cbae6a89c0_0, 0, 1;
    %pushi/vec4 0, 0, 1;
    %store/vec4 v000001cbae6445a0_0, 0, 1;
    %pushi/vec4 0, 0, 1;
    %store/vec4 v000001cbae6a7ca0_0, 0, 1;
    %pushi/vec4 0, 0, 1;
    %store/vec4 v000001cbae644780_0, 0, 1;
    %pushi/vec4 0, 0, 1;
    %store/vec4 v000001cbae644640_0, 0, 1;
    %end;
    .thread T_0;
    .scope S_000001cbae612c40;
T_1 ;
    %wait E_000001cbae63e3c0;
    %load/vec4 v000001cbae644140_0;
    %dup/vec4;
    %pushi/vec4 0, 0, 3;
    %cmp/u;
    %jmp/1 T_1.0, 6;
    %dup/vec4;
    %pushi/vec4 1, 0, 3;
    %cmp/u;
    %jmp/1 T_1.1, 6;
    %dup/vec4;
    %pushi/vec4 3, 0, 3;
    %cmp/u;
    %jmp/1 T_1.2, 6;
    %dup/vec4;
    %pushi/vec4 2, 0, 3;
    %cmp/u;
    %jmp/1 T_1.3, 6;
    %dup/vec4;
    %pushi/vec4 4, 0, 3;
    %cmp/u;
    %jmp/1 T_1.4, 6;
    %dup/vec4;
    %pushi/vec4 5, 0, 3;
    %cmp/u;
    %jmp/1 T_1.5, 6;
    %dup/vec4;
    %pushi/vec4 6, 0, 3;
    %cmp/u;
    %jmp/1 T_1.6, 6;
    %dup/vec4;
    %pushi/vec4 7, 0, 3;
    %cmp/u;
    %jmp/1 T_1.7, 6;
    %pushi/vec4 1, 1, 1;
    %store/vec4 v000001cbae6a8a60_0, 0, 1;
    %pushi/vec4 1, 1, 1;
    %store/vec4 v000001cbae6a82e0_0, 0, 1;
    %pushi/vec4 1, 1, 1;
    %store/vec4 v000001cbae6446e0_0, 0, 1;
    %pushi/vec4 1, 1, 1;
    %store/vec4 v000001cbae644500_0, 0, 1;
    %pushi/vec4 1, 1, 1;
    %store/vec4 v000001cbae6a7fc0_0, 0, 1;
    %pushi/vec4 1, 1, 1;
    %store/vec4 v000001cbae6a89c0_0, 0, 1;
    %pushi/vec4 1, 1, 1;
    %store/vec4 v000001cbae6445a0_0, 0, 1;
    %pushi/vec4 1, 1, 1;
    %store/vec4 v000001cbae6a7ca0_0, 0, 1;
    %pushi/vec4 1, 1, 1;
    %store/vec4 v000001cbae644780_0, 0, 1;
    %jmp T_1.9;
T_1.0 ;
    %pushi/vec4 1, 0, 1;
    %store/vec4 v000001cbae644780_0, 0, 1;
    %pushi/vec4 1, 0, 1;
    %store/vec4 v000001cbae6445a0_0, 0, 1;
    %pushi/vec4 0, 0, 1;
    %store/vec4 v000001cbae6a8a60_0, 0, 1;
    %pushi/vec4 0, 0, 1;
    %store/vec4 v000001cbae6a82e0_0, 0, 1;
    %pushi/vec4 0, 0, 1;
    %store/vec4 v000001cbae6446e0_0, 0, 1;
    %pushi/vec4 0, 0, 1;
    %store/vec4 v000001cbae644500_0, 0, 1;
    %pushi/vec4 0, 0, 1;
    %store/vec4 v000001cbae6a7fc0_0, 0, 1;
    %pushi/vec4 0, 0, 1;
    %store/vec4 v000001cbae6a89c0_0, 0, 1;
    %pushi/vec4 0, 0, 1;
    %store/vec4 v000001cbae6a7ca0_0, 0, 1;
    %pushi/vec4 0, 0, 1;
    %store/vec4 v000001cbae644640_0, 0, 1;
    %jmp T_1.9;
T_1.1 ;
    %pushi/vec4 1, 0, 1;
    %store/vec4 v000001cbae6a7ca0_0, 0, 1;
    %pushi/vec4 1, 0, 1;
    %store/vec4 v000001cbae644500_0, 0, 1;
    %pushi/vec4 0, 0, 1;
    %store/vec4 v000001cbae644780_0, 0, 1;
    %pushi/vec4 0, 0, 1;
    %store/vec4 v000001cbae6445a0_0, 0, 1;
    %pushi/vec4 0, 0, 1;
    %store/vec4 v000001cbae6a8a60_0, 0, 1;
    %pushi/vec4 0, 0, 1;
    %store/vec4 v000001cbae6a82e0_0, 0, 1;
    %pushi/vec4 0, 0, 1;
    %store/vec4 v000001cbae6446e0_0, 0, 1;
    %pushi/vec4 0, 0, 1;
    %store/vec4 v000001cbae6a7fc0_0, 0, 1;
    %pushi/vec4 0, 0, 1;
    %store/vec4 v000001cbae6a89c0_0, 0, 1;
    %pushi/vec4 0, 0, 1;
    %store/vec4 v000001cbae644640_0, 0, 1;
    %jmp T_1.9;
T_1.2 ;
    %pushi/vec4 1, 0, 1;
    %store/vec4 v000001cbae6446e0_0, 0, 1;
    %pushi/vec4 0, 0, 1;
    %store/vec4 v000001cbae6a7ca0_0, 0, 1;
    %pushi/vec4 0, 0, 1;
    %store/vec4 v000001cbae644500_0, 0, 1;
    %pushi/vec4 0, 0, 1;
    %store/vec4 v000001cbae644780_0, 0, 1;
    %pushi/vec4 0, 0, 1;
    %store/vec4 v000001cbae6445a0_0, 0, 1;
    %pushi/vec4 0, 0, 1;
    %store/vec4 v000001cbae6a8a60_0, 0, 1;
    %pushi/vec4 0, 0, 1;
    %store/vec4 v000001cbae6a82e0_0, 0, 1;
    %pushi/vec4 0, 0, 1;
    %store/vec4 v000001cbae6a7fc0_0, 0, 1;
    %pushi/vec4 0, 0, 1;
    %store/vec4 v000001cbae6a89c0_0, 0, 1;
    %pushi/vec4 0, 0, 1;
    %store/vec4 v000001cbae644640_0, 0, 1;
    %jmp T_1.9;
T_1.3 ;
    %pushi/vec4 1, 0, 1;
    %store/vec4 v000001cbae644780_0, 0, 1;
    %pushi/vec4 1, 0, 1;
    %store/vec4 v000001cbae6a89c0_0, 0, 1;
    %pushi/vec4 1, 0, 1;
    %store/vec4 v000001cbae6a82e0_0, 0, 1;
    %pushi/vec4 0, 0, 1;
    %store/vec4 v000001cbae6446e0_0, 0, 1;
    %pushi/vec4 0, 0, 1;
    %store/vec4 v000001cbae6a7ca0_0, 0, 1;
    %pushi/vec4 0, 0, 1;
    %store/vec4 v000001cbae644500_0, 0, 1;
    %pushi/vec4 0, 0, 1;
    %store/vec4 v000001cbae6445a0_0, 0, 1;
    %pushi/vec4 0, 0, 1;
    %store/vec4 v000001cbae6a8a60_0, 0, 1;
    %pushi/vec4 0, 0, 1;
    %store/vec4 v000001cbae6a7fc0_0, 0, 1;
    %pushi/vec4 0, 0, 1;
    %store/vec4 v000001cbae644640_0, 0, 1;
    %jmp T_1.9;
T_1.4 ;
    %pushi/vec4 1, 0, 1;
    %store/vec4 v000001cbae644780_0, 0, 1;
    %pushi/vec4 1, 0, 1;
    %store/vec4 v000001cbae6a7ca0_0, 0, 1;
    %pushi/vec4 1, 0, 1;
    %store/vec4 v000001cbae6a7fc0_0, 0, 1;
    %pushi/vec4 0, 0, 1;
    %store/vec4 v000001cbae6446e0_0, 0, 1;
    %pushi/vec4 0, 0, 1;
    %store/vec4 v000001cbae644500_0, 0, 1;
    %pushi/vec4 0, 0, 1;
    %store/vec4 v000001cbae6445a0_0, 0, 1;
    %pushi/vec4 0, 0, 1;
    %store/vec4 v000001cbae6a8a60_0, 0, 1;
    %pushi/vec4 0, 0, 1;
    %store/vec4 v000001cbae6a82e0_0, 0, 1;
    %pushi/vec4 0, 0, 1;
    %store/vec4 v000001cbae6a89c0_0, 0, 1;
    %pushi/vec4 0, 0, 1;
    %store/vec4 v000001cbae644640_0, 0, 1;
    %jmp T_1.9;
T_1.5 ;
    %pushi/vec4 1, 0, 1;
    %store/vec4 v000001cbae644780_0, 0, 1;
    %pushi/vec4 0, 0, 1;
    %store/vec4 v000001cbae6446e0_0, 0, 1;
    %pushi/vec4 0, 0, 1;
    %store/vec4 v000001cbae6a7ca0_0, 0, 1;
    %pushi/vec4 0, 0, 1;
    %store/vec4 v000001cbae644500_0, 0, 1;
    %pushi/vec4 0, 0, 1;
    %store/vec4 v000001cbae6445a0_0, 0, 1;
    %pushi/vec4 0, 0, 1;
    %store/vec4 v000001cbae6a8a60_0, 0, 1;
    %pushi/vec4 0, 0, 1;
    %store/vec4 v000001cbae6a82e0_0, 0, 1;
    %pushi/vec4 0, 0, 1;
    %store/vec4 v000001cbae6a7fc0_0, 0, 1;
    %pushi/vec4 0, 0, 1;
    %store/vec4 v000001cbae6a89c0_0, 0, 1;
    %pushi/vec4 0, 0, 1;
    %store/vec4 v000001cbae644640_0, 0, 1;
    %jmp T_1.9;
T_1.6 ;
    %pushi/vec4 1, 0, 1;
    %store/vec4 v000001cbae6a8a60_0, 0, 1;
    %pushi/vec4 0, 0, 1;
    %store/vec4 v000001cbae644780_0, 0, 1;
    %pushi/vec4 0, 0, 1;
    %store/vec4 v000001cbae6446e0_0, 0, 1;
    %pushi/vec4 0, 0, 1;
    %store/vec4 v000001cbae6a7ca0_0, 0, 1;
    %pushi/vec4 0, 0, 1;
    %store/vec4 v000001cbae644500_0, 0, 1;
    %pushi/vec4 0, 0, 1;
    %store/vec4 v000001cbae6445a0_0, 0, 1;
    %pushi/vec4 0, 0, 1;
    %store/vec4 v000001cbae6a82e0_0, 0, 1;
    %pushi/vec4 0, 0, 1;
    %store/vec4 v000001cbae6a7fc0_0, 0, 1;
    %pushi/vec4 0, 0, 1;
    %store/vec4 v000001cbae6a89c0_0, 0, 1;
    %pushi/vec4 0, 0, 1;
    %store/vec4 v000001cbae644640_0, 0, 1;
    %jmp T_1.9;
T_1.7 ;
    %pushi/vec4 1, 0, 1;
    %store/vec4 v000001cbae644640_0, 0, 1;
    %pushi/vec4 0, 0, 1;
    %store/vec4 v000001cbae6a8a60_0, 0, 1;
    %pushi/vec4 0, 0, 1;
    %store/vec4 v000001cbae644780_0, 0, 1;
    %pushi/vec4 0, 0, 1;
    %store/vec4 v000001cbae6446e0_0, 0, 1;
    %pushi/vec4 0, 0, 1;
    %store/vec4 v000001cbae6a7ca0_0, 0, 1;
    %pushi/vec4 0, 0, 1;
    %store/vec4 v000001cbae644500_0, 0, 1;
    %pushi/vec4 0, 0, 1;
    %store/vec4 v000001cbae6445a0_0, 0, 1;
    %pushi/vec4 0, 0, 1;
    %store/vec4 v000001cbae6a82e0_0, 0, 1;
    %pushi/vec4 0, 0, 1;
    %store/vec4 v000001cbae6a7fc0_0, 0, 1;
    %pushi/vec4 0, 0, 1;
    %store/vec4 v000001cbae6a89c0_0, 0, 1;
    %jmp T_1.9;
T_1.9 ;
    %pop/vec4 1;
    %jmp T_1;
    .thread T_1, $push;
# The file index is used to find the file name in the following table.
:file_names 3;
    "N/A";
    "<interactive>";
    "Controle.v";
